verification result:
spin -a  Huang
gcc -DMEMLIM=1024 -O2 -DXUSAFE -DSAFETY -DNOCLAIM -w -o pan pan.c
./pan -m10000 
Pid: 23998

(Spin Version 6.4.3 -- 16 December 2014)
	+ Partial Order Reduction

Full statespace search for:
	never claim         	- (not selected)
	assertion violations	+
	cycle checks       	- (disabled by -DSAFETY)
	invalid end states	+

State-vector 120 byte, depth reached 19, errors: 0
        9 states, stored
        0 states, matched
        9 transitions (= stored+matched)
       11 atomic steps
hash conflicts:         0 (resolved)

Stats on memory usage (in Megabytes):
    0.001	equivalent memory usage for states (stored*(State-vector + overhead))
    0.291	actual memory usage for states
  128.000	memory used for hash table (-w24)
    0.534	memory used for DFS stack (-m10000)
  128.730	total actual memory usage


unreached in proctype node
	(0 of 8 states)
unreached in init
	(0 of 11 states)

pan: elapsed time 0 seconds
No errors found -- did you verify all claims?
spin -a  Huang
spin: Huang:18, Error: syntax error	saw 'data typename' near 'byte'
spin: Huang:18, Error: syntax error	saw '')' = 41'
spin: Huang:35, Error: xr or xs of non-chan 'canal_rec' statement separator near 'Initialisation'
spin: Huang:45, Error: undeclared variable 'proc'
gcc -DMEMLIM=1024 -O2 -DXUSAFE -DSAFETY -DNOCLAIM -w -o pan pan.c
gcc: error: pan.c: Aucun fichier ou dossier de ce type
gcc: fatal error: no input files
compilation terminated.
./pan -m10000 
spin -a  Huang
gcc -DMEMLIM=1024 -O2 -DXUSAFE -DSAFETY -DNOCLAIM -w -o pan pan.c
./pan -m10000 
Pid: 24353

(Spin Version 6.4.3 -- 16 December 2014)
	+ Partial Order Reduction

Full statespace search for:
	never claim         	- (not selected)
	assertion violations	+
	cycle checks       	- (disabled by -DSAFETY)
	invalid end states	+

State-vector 144 byte, depth reached 19, errors: 0
        9 states, stored
        0 states, matched
        9 transitions (= stored+matched)
       11 atomic steps
hash conflicts:         0 (resolved)

Stats on memory usage (in Megabytes):
    0.001	equivalent memory usage for states (stored*(State-vector + overhead))
    0.291	actual memory usage for states
  128.000	memory used for hash table (-w24)
    0.534	memory used for DFS stack (-m10000)
  128.730	total actual memory usage


unreached in proctype node
	(0 of 9 states)
unreached in init
	(0 of 11 states)

pan: elapsed time 0 seconds
No errors found -- did you verify all claims?


